<?xml version="1.0" encoding="UTF-8"?>
<!-- Generated by org.testng.reporters.JUnitReportReporter -->
<testsuite hostname="GK-PC" failures="0" tests="5" name="testInvocation.TestInvocation" time="195.764" errors="0" timestamp="2021-05-04T18:46:48 IST" skipped="0">
  <testcase classname="testInvocation.TestInvocation" name="lounchBrowser" time="31.047"/>
  <system-out/>
  <testcase classname="testInvocation.TestInvocation" name="lounchBrowser" time="28.829"/>
  <system-out/>
  <testcase classname="testInvocation.TestInvocation" name="lounchBrowser" time="34.874"/>
  <system-out/>
  <testcase classname="testInvocation.TestInvocation" name="lounchBrowser" time="68.857"/>
  <system-out/>
  <testcase classname="testInvocation.TestInvocation" name="lounchBrowser" time="32.157"/>
  <system-out/>
</testsuite> <!-- testInvocation.TestInvocation -->
