<?xml version="1.0" encoding="UTF-8"?>
<!-- Generated by org.testng.reporters.JUnitReportReporter -->
<testsuite hostname="GK-PC" failures="0" tests="2" name="parallelTest.TestBrowser" time="4.093" errors="0" timestamp="2021-04-29T12:58:18 IST" skipped="0">
  <testcase classname="parallelTest.TestBrowser" name="doLogin" time="2.046"/>
  <system-out/>
  <testcase classname="parallelTest.TestBrowser" name="doLogin" time="2.047"/>
  <system-out/>
</testsuite> <!-- parallelTest.TestBrowser -->
