<?xml version="1.0" encoding="UTF-8"?>
<!-- Generated by org.testng.reporters.JUnitReportReporter -->
<testsuite hostname="GK-PC" failures="0" tests="4" name="parameterization.MultipalDataProviderMethods" time="0.022" errors="0" timestamp="2021-04-28T15:59:01 IST" skipped="0">
  <testcase classname="parameterization.MultipalDataProviderMethods" name="doLogin" time="0.003"/>
  <system-out/>
  <testcase classname="parameterization.MultipalDataProviderMethods" name="doUserReg" time="0.003"/>
  <system-out/>
  <testcase classname="parameterization.MultipalDataProviderMethods" name="doUserReg" time="0.002"/>
  <system-out/>
  <testcase classname="parameterization.MultipalDataProviderMethods" name="doLogin" time="0.014"/>
  <system-out/>
</testsuite> <!-- parameterization.MultipalDataProviderMethods -->
