<?xml version="1.0" encoding="UTF-8"?>
<!-- Generated by org.testng.reporters.JUnitReportReporter -->
<testsuite hostname="GK-PC" failures="0" tests="2" name="parameterization.ReadDataUsingHashTable" time="0.019" errors="0" timestamp="2021-04-28T15:04:53 IST" skipped="0">
  <testcase classname="parameterization.ReadDataUsingHashTable" name="doLogin" time="0.014"/>
  <system-out/>
  <testcase classname="parameterization.ReadDataUsingHashTable" name="doLogin" time="0.005"/>
  <system-out/>
</testsuite> <!-- parameterization.ReadDataUsingHashTable -->
