<?xml version="1.0" encoding="UTF-8"?>
<!-- Generated by org.testng.reporters.JUnitReportReporter -->
<testsuite hostname="GK-PC" failures="0" tests="2" name="testCases.TestCase1" time="0.016" errors="0" timestamp="2021-04-10T14:32:20 IST" skipped="0">
  <testcase classname="testCases.TestCase1" name="doReg" time="0.012"/>
  <system-out/>
  <testcase classname="testCases.TestCase1" name="doLogin" time="0.004"/>
  <system-out/>
</testsuite> <!-- testCases.TestCase1 -->
