<?xml version="1.0" encoding="UTF-8"?>
<!-- Generated by org.testng.reporters.JUnitReportReporter -->
<testsuite hostname="GK-PC" failures="0" tests="2" name="com.defaultprogram.ProirtyTestNG" time="0.020" errors="0" timestamp="2021-05-10T17:17:22 IST" skipped="0">
  <testcase classname="com.defaultprogram.ProirtyTestNG" name="CloseBrowser" time="0.016"/>
  <system-out/>
  <testcase classname="com.defaultprogram.ProirtyTestNG" name="OpenBrowser" time="0.004"/>
  <system-out/>
</testsuite> <!-- com.defaultprogram.ProirtyTestNG -->
