<?xml version="1.0" encoding="UTF-8"?>
<!-- Generated by org.testng.reporters.JUnitReportReporter -->
<testsuite hostname="GK-PC" failures="0" tests="2" name="parameterization.TestParameterizationExcel" time="0.017" errors="0" timestamp="2021-04-28T14:27:20 IST" skipped="0">
  <testcase classname="parameterization.TestParameterizationExcel" name="doLogin" time="0.014"/>
  <system-out/>
  <testcase classname="parameterization.TestParameterizationExcel" name="doLogin" time="0.003"/>
  <system-out/>
</testsuite> <!-- parameterization.TestParameterizationExcel -->
