<?xml version="1.0" encoding="UTF-8"?>
<!-- Generated by org.testng.reporters.JUnitReportReporter -->
<testsuite hostname="GK-PC" failures="0" tests="2" name="parallelTest.TestParallelUseingDataProvider" time="4.084" errors="0" timestamp="2021-04-29T18:19:36 IST" skipped="0">
  <testcase classname="parallelTest.TestParallelUseingDataProvider" name="doLogin" time="2.041"/>
  <system-out/>
  <testcase classname="parallelTest.TestParallelUseingDataProvider" name="doLogin" time="2.043"/>
  <system-out/>
</testsuite> <!-- parallelTest.TestParallelUseingDataProvider -->
